<?xml version="1.0" encoding="UTF-8"?>
<!-- Generated by org.testng.reporters.JUnitReportReporter -->
<testsuite hostname="IN00455" name="pkg1.test" tests="1" failures="0" timestamp="26 Feb 2020 10:55:52 GMT" time="2.181" errors="0">
  <testcase name="readExcelFileTemp" time="2.181" classname="pkg1.test"/>
</testsuite> <!-- pkg1.test -->
